MobileHealthApp/app/build/outputs/logs/manifest-merger-debug-report.txt
-- Merging decision tree log ---
manifest
ADDED from src/main/AndroidManifest.xml:2:1-337:12
	package
		ADDED from src/main/AndroidManifest.xml:3:5-51
		INJECTED from src/main/AndroidManifest.xml
		INJECTED from src/main/AndroidManifest.xml
	android:versionName
		INJECTED from src/main/AndroidManifest.xml
		INJECTED from src/main/AndroidManifest.xml
	xmlns:android
		ADDED from src/main/AndroidManifest.xml:2:11-69
	android:versionCode
		INJECTED from src/main/AndroidManifest.xml
		INJECTED from src/main/AndroidManifest.xml
uses-permission#android.permission.BLUETOOTH
ADDED from src/main/AndroidManifest.xml:9:5-68
	android:name
		ADDED from src/main/AndroidManifest.xml:9:22-65
uses-permission#android.permission.BLUETOOTH_ADMIN
ADDED from src/main/AndroidManifest.xml:10:5-74
	android:name
		ADDED from src/main/AndroidManifest.xml:10:22-71
uses-permission#android.permission.READ_PHONE_STATE
ADDED from src/main/AndroidManifest.xml:11:5-75
	android:name
		ADDED from src/main/AndroidManifest.xml:11:22-72
uses-permission#android.permission.PROCESS_OUTGOING_CALLS
ADDED from src/main/AndroidManifest.xml:12:5-81
	android:name
		ADDED from src/main/AndroidManifest.xml:12:22-78
uses-permission#android.permission.CALL_PHONE
ADDED from src/main/AndroidManifest.xml:13:5-69
	android:name
		ADDED from src/main/AndroidManifest.xml:13:22-66
uses-permission#android.permission.RECEIVE_SMS
ADDED from src/main/AndroidManifest.xml:14:5-70
	android:name
		ADDED from src/main/AndroidManifest.xml:14:22-67
uses-permission#android.permission.SEND_SMS
ADDED from src/main/AndroidManifest.xml:15:5-67
	android:name
		ADDED from src/main/AndroidManifest.xml:15:22-64
uses-permission#android.permission.READ_CONTACTS
ADDED from src/main/AndroidManifest.xml:16:5-72
	android:name
		ADDED from src/main/AndroidManifest.xml:16:22-69
uses-permission#android.permission.READ_EXTERNAL_STORAGE
ADDED from src/main/AndroidManifest.xml:17:5-80
	android:name
		ADDED from src/main/AndroidManifest.xml:17:22-77
uses-permission#android.permission.READ_CALENDAR
ADDED from src/main/AndroidManifest.xml:18:5-72
	android:name
		ADDED from src/main/AndroidManifest.xml:18:22-69
uses-permission#android.permission.ACCESS_COARSE_LOCATION
ADDED from src/main/AndroidManifest.xml:19:5-81
	android:name
		ADDED from src/main/AndroidManifest.xml:19:22-78
uses-feature#android.hardware.bluetooth
ADDED from src/main/AndroidManifest.xml:21:5-23:35
	android:required
		ADDED from src/main/AndroidManifest.xml:23:9-32
	android:name
		ADDED from src/main/AndroidManifest.xml:22:9-50
uses-feature#android.hardware.bluetooth_le
ADDED from src/main/AndroidManifest.xml:24:5-26:36
	android:required
		ADDED from src/main/AndroidManifest.xml:26:9-33
	android:name
		ADDED from src/main/AndroidManifest.xml:25:9-53
uses-feature#android.hardware.telephony
ADDED from src/main/AndroidManifest.xml:27:5-29:36
	android:required
		ADDED from src/main/AndroidManifest.xml:29:9-33
	android:name
		ADDED from src/main/AndroidManifest.xml:28:9-50
application
ADDED from src/main/AndroidManifest.xml:31:5-335:19
MERGED from [com.android.support:design:23.3.0] AndroidManifest.xml:22:5-20
MERGED from [com.android.support:appcompat-v7:23.3.0] AndroidManifest.xml:25:5-20
MERGED from [com.android.support:animated-vector-drawable:23.3.0] AndroidManifest.xml:7:5-20
MERGED from [com.android.support:support-vector-drawable:23.3.0] AndroidManifest.xml:7:5-20
MERGED from [de.cketti.library.changelog:ckchangelog:1.2.2] AndroidManifest.xml:9:5-20
MERGED from [com.android.support:support-v4:23.3.0] AndroidManifest.xml:22:5-20
	android:label
		ADDED from src/main/AndroidManifest.xml:36:9-41
	android:fullBackupContent
		ADDED from src/main/AndroidManifest.xml:34:9-42
	android:allowBackup
		ADDED from src/main/AndroidManifest.xml:33:9-36
	android:icon
		ADDED from src/main/AndroidManifest.xml:35:9-45
	android:theme
		ADDED from src/main/AndroidManifest.xml:37:9-49
	android:name
		ADDED from src/main/AndroidManifest.xml:32:9-38
activity#nodomain.freeyourgadget.gadgetbridge.activities.ControlCenter
ADDED from src/main/AndroidManifest.xml:38:9-46:20
	android:label
		ADDED from src/main/AndroidManifest.xml:40:13-65
	android:name
		ADDED from src/main/AndroidManifest.xml:39:13-53
intent-filter#android.intent.action.MAIN+android.intent.category.LAUNCHER
ADDED from src/main/AndroidManifest.xml:41:13-45:29
action#android.intent.action.MAIN
ADDED from src/main/AndroidManifest.xml:42:17-69
	android:name
		ADDED from src/main/AndroidManifest.xml:42:25-66
category#android.intent.category.LAUNCHER
ADDED from src/main/AndroidManifest.xml:44:17-77
	android:name
		ADDED from src/main/AndroidManifest.xml:44:27-74
activity#nodomain.freeyourgadget.gadgetbridge.activities.SettingsActivity
ADDED from src/main/AndroidManifest.xml:47:9-50:70
	android:label
		ADDED from src/main/AndroidManifest.xml:49:13-60
	android:parentActivityName
		ADDED from src/main/AndroidManifest.xml:50:13-67
	android:name
		ADDED from src/main/AndroidManifest.xml:48:13-56
activity#nodomain.freeyourgadget.gadgetbridge.devices.miband.MiBandPreferencesActivity
ADDED from src/main/AndroidManifest.xml:51:9-54:73
	android:label
		ADDED from src/main/AndroidManifest.xml:53:13-64
	android:parentActivityName
		ADDED from src/main/AndroidManifest.xml:54:13-70
	android:name
		ADDED from src/main/AndroidManifest.xml:52:13-69
activity#nodomain.freeyourgadget.gadgetbridge.activities.appmanager.AppManagerActivity
ADDED from src/main/AndroidManifest.xml:55:9-59:70
	android:label
		ADDED from src/main/AndroidManifest.xml:58:13-62
	android:parentActivityName
		ADDED from src/main/AndroidManifest.xml:59:13-67
	android:launchMode
		ADDED from src/main/AndroidManifest.xml:56:13-43
	android:name
		ADDED from src/main/AndroidManifest.xml:57:13-69
activity#nodomain.freeyourgadget.gadgetbridge.activities.AppBlacklistActivity
ADDED from src/main/AndroidManifest.xml:60:9-63:73
	android:label
		ADDED from src/main/AndroidManifest.xml:62:13-64
	android:parentActivityName
		ADDED from src/main/AndroidManifest.xml:63:13-70
	android:name
		ADDED from src/main/AndroidManifest.xml:61:13-60
activity#nodomain.freeyourgadget.gadgetbridge.activities.FwAppInstallerActivity
ADDED from src/main/AndroidManifest.xml:64:9-202:20
	android:label
		ADDED from src/main/AndroidManifest.xml:66:13-67
	android:parentActivityName
		ADDED from src/main/AndroidManifest.xml:67:13-67
	android:name
		ADDED from src/main/AndroidManifest.xml:65:13-62
intent-filter#android.intent.action.VIEW+android.intent.category.DEFAULT
ADDED from src/main/AndroidManifest.xml:68:13-121:29
action#android.intent.action.VIEW
ADDED from src/main/AndroidManifest.xml:69:17-69
	android:name
		ADDED from src/main/AndroidManifest.xml:69:25-66
category#android.intent.category.DEFAULT
ADDED from src/main/AndroidManifest.xml:71:17-76
	android:name
		ADDED from src/main/AndroidManifest.xml:71:27-73
data
ADDED from src/main/AndroidManifest.xml:73:17-48
	android:mimeType
		ADDED from src/main/AndroidManifest.xml:73:23-45
intent-filter#android.intent.action.SEND+android.intent.category.DEFAULT
ADDED from src/main/AndroidManifest.xml:194:13-201:29
action#android.intent.action.SEND
ADDED from src/main/AndroidManifest.xml:195:17-69
	android:name
		ADDED from src/main/AndroidManifest.xml:195:25-66
service#nodomain.freeyourgadget.gadgetbridge.externalevents.NotificationListener
ADDED from src/main/AndroidManifest.xml:204:9-211:19
	android:label
		ADDED from src/main/AndroidManifest.xml:206:13-45
	android:permission
		ADDED from src/main/AndroidManifest.xml:207:13-87
	android:name
		ADDED from src/main/AndroidManifest.xml:205:13-64
intent-filter#android.service.notification.NotificationListenerService
ADDED from src/main/AndroidManifest.xml:208:13-210:29
action#android.service.notification.NotificationListenerService
ADDED from src/main/AndroidManifest.xml:209:17-99
	android:name
		ADDED from src/main/AndroidManifest.xml:209:25-96
service#nodomain.freeyourgadget.gadgetbridge.service.DeviceCommunicationService
ADDED from src/main/AndroidManifest.xml:212:9-71
	android:name
		ADDED from src/main/AndroidManifest.xml:212:18-68
receiver#nodomain.freeyourgadget.gadgetbridge.externalevents.WeatherNotificationReceiver
ADDED from src/main/AndroidManifest.xml:214:9-220:20
	android:enabled
		ADDED from src/main/AndroidManifest.xml:216:13-35
	android:name
		ADDED from src/main/AndroidManifest.xml:215:13-71
intent-filter#ru.gelin.android.weather.notification.ACTION_WEATHER_UPDATE_2
ADDED from src/main/AndroidManifest.xml:217:13-219:29
action#ru.gelin.android.weather.notification.ACTION_WEATHER_UPDATE_2
ADDED from src/main/AndroidManifest.xml:218:17-104
	android:name
		ADDED from src/main/AndroidManifest.xml:218:25-101
activity#nodomain.freeyourgadget.gadgetbridge.externalevents.WeatherNotificationConfig
ADDED from src/main/AndroidManifest.xml:222:9-226:20
	android:name
		ADDED from src/main/AndroidManifest.xml:222:19-75
intent-filter#ru.gelin.android.weather.notification.ACTION_WEATHER_SKIN_PREFERENCES
ADDED from src/main/AndroidManifest.xml:223:13-225:29
action#ru.gelin.android.weather.notification.ACTION_WEATHER_SKIN_PREFERENCES
ADDED from src/main/AndroidManifest.xml:224:17-111
	android:name
		ADDED from src/main/AndroidManifest.xml:224:25-109
receiver#nodomain.freeyourgadget.gadgetbridge.externalevents.BluetoothStateChangeReceiver
ADDED from src/main/AndroidManifest.xml:228:9-234:20
	android:exported
		ADDED from src/main/AndroidManifest.xml:230:13-37
	android:name
		ADDED from src/main/AndroidManifest.xml:229:13-72
intent-filter#android.bluetooth.adapter.action.STATE_CHANGED
ADDED from src/main/AndroidManifest.xml:231:13-233:29
action#android.bluetooth.adapter.action.STATE_CHANGED
ADDED from src/main/AndroidManifest.xml:232:17-89
	android:name
		ADDED from src/main/AndroidManifest.xml:232:25-86
receiver#nodomain.freeyourgadget.gadgetbridge.service.receivers.GBMusicControlReceiver
ADDED from src/main/AndroidManifest.xml:235:9-241:20
	android:exported
		ADDED from src/main/AndroidManifest.xml:237:13-37
	android:name
		ADDED from src/main/AndroidManifest.xml:236:13-69
intent-filter#nodomain.freeyourgadget.gadgetbridge.musiccontrol
ADDED from src/main/AndroidManifest.xml:238:13-240:29
action#nodomain.freeyourgadget.gadgetbridge.musiccontrol
ADDED from src/main/AndroidManifest.xml:239:17-92
	android:name
		ADDED from src/main/AndroidManifest.xml:239:25-89
receiver#nodomain.freeyourgadget.gadgetbridge.service.receivers.GBCallControlReceiver
ADDED from src/main/AndroidManifest.xml:242:9-248:20
	android:exported
		ADDED from src/main/AndroidManifest.xml:244:13-37
	android:name
		ADDED from src/main/AndroidManifest.xml:243:13-68
intent-filter#nodomain.freeyourgadget.gadgetbridge.callcontrol
ADDED from src/main/AndroidManifest.xml:245:13-247:29
action#nodomain.freeyourgadget.gadgetbridge.callcontrol
ADDED from src/main/AndroidManifest.xml:246:17-91
	android:name
		ADDED from src/main/AndroidManifest.xml:246:25-88
activity#nodomain.freeyourgadget.gadgetbridge.activities.DebugActivity
ADDED from src/main/AndroidManifest.xml:254:9-259:57
	android:screenOrientation
		ADDED from src/main/AndroidManifest.xml:258:13-49
	android:label
		ADDED from src/main/AndroidManifest.xml:256:13-57
	android:parentActivityName
		ADDED from src/main/AndroidManifest.xml:257:13-67
	android:windowSoftInputMode
		ADDED from src/main/AndroidManifest.xml:259:13-54
	android:name
		ADDED from src/main/AndroidManifest.xml:255:13-53
activity#nodomain.freeyourgadget.gadgetbridge.activities.DbManagementActivity
ADDED from src/main/AndroidManifest.xml:260:9-265:57
	android:screenOrientation
		ADDED from src/main/AndroidManifest.xml:264:13-49
	android:label
		ADDED from src/main/AndroidManifest.xml:262:13-65
	android:parentActivityName
		ADDED from src/main/AndroidManifest.xml:263:13-67
	android:windowSoftInputMode
		ADDED from src/main/AndroidManifest.xml:265:13-54
	android:name
		ADDED from src/main/AndroidManifest.xml:261:13-60
activity#nodomain.freeyourgadget.gadgetbridge.activities.OnboardingActivity
ADDED from src/main/AndroidManifest.xml:266:9-270:52
	android:screenOrientation
		ADDED from src/main/AndroidManifest.xml:270:13-49
	android:label
		ADDED from src/main/AndroidManifest.xml:268:13-62
	android:parentActivityName
		ADDED from src/main/AndroidManifest.xml:269:13-67
	android:name
		ADDED from src/main/AndroidManifest.xml:267:13-58
activity#nodomain.freeyourgadget.gadgetbridge.activities.DiscoveryActivity
ADDED from src/main/AndroidManifest.xml:271:9-274:70
	android:label
		ADDED from src/main/AndroidManifest.xml:273:13-61
	android:parentActivityName
		ADDED from src/main/AndroidManifest.xml:274:13-67
	android:name
		ADDED from src/main/AndroidManifest.xml:272:13-57
activity#nodomain.freeyourgadget.gadgetbridge.activities.AndroidPairingActivity
ADDED from src/main/AndroidManifest.xml:275:9-277:70
	android:label
		ADDED from src/main/AndroidManifest.xml:277:13-67
	android:name
		ADDED from src/main/AndroidManifest.xml:276:13-62
activity#nodomain.freeyourgadget.gadgetbridge.devices.miband.MiBandPairingActivity
ADDED from src/main/AndroidManifest.xml:278:9-280:70
	android:label
		ADDED from src/main/AndroidManifest.xml:280:13-67
	android:name
		ADDED from src/main/AndroidManifest.xml:279:13-65
activity#nodomain.freeyourgadget.gadgetbridge.devices.pebble.PebblePairingActivity
ADDED from src/main/AndroidManifest.xml:281:9-283:69
	android:label
		ADDED from src/main/AndroidManifest.xml:283:13-66
	android:name
		ADDED from src/main/AndroidManifest.xml:282:13-65
activity#nodomain.freeyourgadget.gadgetbridge.activities.charts.ChartsActivity
ADDED from src/main/AndroidManifest.xml:284:9-287:70
	android:label
		ADDED from src/main/AndroidManifest.xml:286:13-58
	android:parentActivityName
		ADDED from src/main/AndroidManifest.xml:287:13-67
	android:name
		ADDED from src/main/AndroidManifest.xml:285:13-61
activity#nodomain.freeyourgadget.gadgetbridge.activities.ConfigureAlarms
ADDED from src/main/AndroidManifest.xml:288:9-291:73
	android:label
		ADDED from src/main/AndroidManifest.xml:290:13-61
	android:parentActivityName
		ADDED from src/main/AndroidManifest.xml:291:13-70
	android:name
		ADDED from src/main/AndroidManifest.xml:289:13-55
activity#nodomain.freeyourgadget.gadgetbridge.activities.AlarmDetails
ADDED from src/main/AndroidManifest.xml:292:9-295:72
	android:label
		ADDED from src/main/AndroidManifest.xml:294:13-65
	android:parentActivityName
		ADDED from src/main/AndroidManifest.xml:295:13-69
	android:name
		ADDED from src/main/AndroidManifest.xml:293:13-52
activity#nodomain.freeyourgadget.gadgetbridge.activities.VibrationActivity
ADDED from src/main/AndroidManifest.xml:296:9-299:70
	android:label
		ADDED from src/main/AndroidManifest.xml:298:13-61
	android:parentActivityName
		ADDED from src/main/AndroidManifest.xml:299:13-67
	android:name
		ADDED from src/main/AndroidManifest.xml:297:13-57
provider#nodomain.freeyourgadget.gadgetbridge.contentprovider.PebbleContentProvider
ADDED from src/main/AndroidManifest.xml:301:9-304:39
	android:authorities
		ADDED from src/main/AndroidManifest.xml:303:13-65
	android:exported
		ADDED from src/main/AndroidManifest.xml:304:13-36
	android:name
		ADDED from src/main/AndroidManifest.xml:302:13-66
receiver#nodomain.freeyourgadget.gadgetbridge.SleepAlarmWidget
ADDED from src/main/AndroidManifest.xml:306:9-315:20
	android:name
		ADDED from src/main/AndroidManifest.xml:306:19-51
intent-filter#android.appwidget.action.APPWIDGET_UPDATE+nodomain.freeyourgadget.gadgetbridge.SLEEP_ALARM_WIDGET_CLICK
ADDED from src/main/AndroidManifest.xml:307:13-310:29
action#android.appwidget.action.APPWIDGET_UPDATE
ADDED from src/main/AndroidManifest.xml:308:17-84
	android:name
		ADDED from src/main/AndroidManifest.xml:308:25-81
action#nodomain.freeyourgadget.gadgetbridge.SLEEP_ALARM_WIDGET_CLICK
ADDED from src/main/AndroidManifest.xml:309:17-104
	android:name
		ADDED from src/main/AndroidManifest.xml:309:25-101
meta-data#android.appwidget.provider
ADDED from src/main/AndroidManifest.xml:312:13-314:67
	android:resource
		ADDED from src/main/AndroidManifest.xml:314:17-64
	android:name
		ADDED from src/main/AndroidManifest.xml:313:17-58
activity#nodomain.freeyourgadget.gadgetbridge.activities.ExternalPebbleJSActivity
ADDED from src/main/AndroidManifest.xml:317:9-333:20
	android:clearTaskOnLaunch
		ADDED from src/main/AndroidManifest.xml:320:13-45
	android:label
		ADDED from src/main/AndroidManifest.xml:322:13-50
	android:parentActivityName
		ADDED from src/main/AndroidManifest.xml:323:13-83
	android:launchMode
		ADDED from src/main/AndroidManifest.xml:318:13-44
	android:allowTaskReparenting
		ADDED from src/main/AndroidManifest.xml:319:13-48
	android:name
		ADDED from src/main/AndroidManifest.xml:321:13-64
meta-data#android.support.PARENT_ACTIVITY
ADDED from src/main/AndroidManifest.xml:324:13-326:97
	android:value
		ADDED from src/main/AndroidManifest.xml:326:17-94
	android:name
		ADDED from src/main/AndroidManifest.xml:325:17-63
intent-filter#android.intent.action.VIEW+android.intent.category.BROWSABLE+android.intent.category.DEFAULT
ADDED from src/main/AndroidManifest.xml:327:13-332:29
category#android.intent.category.BROWSABLE
ADDED from src/main/AndroidManifest.xml:330:17-77
	android:name
		ADDED from src/main/AndroidManifest.xml:330:27-75
uses-sdk
INJECTED from src/main/AndroidManifest.xml reason: use-sdk injection requested
MERGED from [com.android.support:design:23.3.0] AndroidManifest.xml:20:5-43
MERGED from [com.android.support:appcompat-v7:23.3.0] AndroidManifest.xml:21:5-23:78
MERGED from [com.android.support:animated-vector-drawable:23.3.0] AndroidManifest.xml:5:5-44
MERGED from [com.android.support:support-vector-drawable:23.3.0] AndroidManifest.xml:5:5-43
MERGED from [de.cketti.library.changelog:ckchangelog:1.2.2] AndroidManifest.xml:7:5-43
MERGED from [com.github.woxthebox:draglistview:1.2.6] AndroidManifest.xml:22:5-24:41
MERGED from [com.android.support:recyclerview-v7:23.3.0] AndroidManifest.xml:20:5-43
MERGED from [com.android.support:support-v4:23.3.0] AndroidManifest.xml:20:5-43
	tools:overrideLibrary
		ADDED from [com.android.support:appcompat-v7:23.3.0] AndroidManifest.xml:23:9-75
	android:targetSdkVersion
		INJECTED from src/main/AndroidManifest.xml
		INJECTED from src/main/AndroidManifest.xml
	android:minSdkVersion
		INJECTED from src/main/AndroidManifest.xml
		INJECTED from src/main/AndroidManifest.xml